SF:lib/application.dart
DA:16,5
DA:18,5
DA:19,5
DA:22,1
DA:23,1
DA:31,2
DA:32,4
DA:36,2
DA:37,4
DA:38,4
DA:39,2
DA:41,2
DA:47,5
DA:48,5
DA:49,5
DA:54,10
DA:59,5
DA:68,5
DA:70,5
DA:71,5
DA:72,5
DA:73,5
DA:75,10
DA:76,5
LF:24
LH:24
end_of_record
SF:lib/pages/loan_page.dart
DA:12,6
DA:14,5
DA:15,5
DA:32,0
DA:33,0
DA:37,5
DA:38,5
DA:41,5
DA:42,5
DA:43,5
DA:44,5
DA:45,5
DA:46,5
DA:53,0
DA:54,0
DA:55,0
DA:60,5
DA:63,10
DA:70,5
DA:71,5
DA:72,5
DA:74,5
DA:75,5
DA:77,20
DA:81,5
DA:82,5
DA:83,2
DA:84,4
DA:90,5
DA:92,5
DA:93,25
DA:96,0
DA:101,5
DA:105,5
DA:113,5
DA:115,5
DA:116,10
DA:117,10
DA:118,5
DA:120,5
DA:122,5
DA:123,0
DA:126,20
DA:130,5
DA:131,5
DA:132,20
DA:133,5
LF:47
LH:40
end_of_record
SF:lib/common_widgets/circles_background.dart
DA:9,5
DA:11,5
DA:13,5
DA:15,5
LF:4
LH:4
end_of_record
SF:lib/common_widgets/custom_page_transition.dart
DA:17,5
DA:21,5
DA:26,5
DA:27,0
DA:33,5
DA:39,5
DA:40,5
DA:41,5
DA:42,5
DA:47,15
DA:50,5
DA:51,5
DA:56,15
LF:13
LH:12
end_of_record
SF:lib/utils/palette.dart
DA:33,15
DA:35,5
DA:37,10
DA:39,10
DA:40,10
DA:46,15
DA:48,5
DA:50,10
DA:52,10
DA:53,10
DA:59,10
DA:60,10
DA:63,15
DA:64,5
LF:14
LH:14
end_of_record
SF:lib/common_widgets/theme_switcher_button.dart
DA:13,5
DA:15,5
DA:16,5
DA:24,5
DA:26,5
DA:27,15
DA:33,5
DA:35,15
DA:36,5
DA:40,20
DA:44,5
DA:45,5
DA:47,1
DA:48,2
DA:49,3
DA:50,3
DA:51,3
DA:52,2
DA:58,15
DA:59,5
DA:64,15
DA:65,5
DA:66,10
DA:67,10
DA:73,5
DA:75,5
DA:77,5
DA:79,5
LF:28
LH:28
end_of_record
SF:lib/pages/title_page.dart
DA:9,5
DA:11,5
DA:12,5
DA:17,0
DA:18,0
DA:22,5
DA:23,5
DA:24,25
DA:25,5
DA:26,5
DA:29,5
DA:30,5
DA:33,5
DA:34,5
DA:36,20
DA:39,5
DA:41,20
DA:46,5
DA:49,5
DA:50,5
DA:52,5
DA:53,0
DA:54,5
DA:56,10
DA:69,5
DA:71,5
DA:72,10
DA:73,10
LF:28
LH:25
end_of_record
SF:lib/pages/widgets/loan_page_form.dart
DA:19,5
DA:20,5
DA:22,5
DA:23,5
DA:31,10
DA:32,5
DA:33,10
DA:34,5
DA:35,10
DA:36,5
DA:43,5
DA:45,5
DA:47,15
DA:48,10
DA:51,15
DA:52,10
DA:60,0
DA:61,0
DA:62,0
DA:63,0
DA:64,0
DA:68,0
DA:69,0
DA:70,0
DA:73,0
DA:76,0
DA:77,0
DA:80,0
DA:81,0
DA:82,0
DA:91,2
DA:92,12
DA:96,5
DA:97,5
DA:99,5
DA:100,5
DA:101,5
DA:103,5
DA:105,5
DA:107,20
DA:111,5
DA:113,5
DA:114,5
DA:116,5
DA:118,5
DA:120,15
DA:125,2
DA:127,4
DA:133,4
DA:141,5
DA:142,5
DA:144,5
DA:145,5
DA:146,5
DA:148,5
DA:151,5
DA:152,5
DA:153,5
DA:155,10
DA:156,0
DA:157,0
DA:158,0
DA:159,0
DA:160,0
DA:161,0
DA:166,5
DA:168,5
DA:169,5
DA:170,5
DA:171,5
DA:173,5
DA:175,5
DA:177,20
DA:181,5
DA:183,5
DA:184,5
DA:186,5
DA:188,15
DA:194,5
DA:196,2
DA:197,4
DA:198,2
DA:199,4
DA:200,4
DA:203,4
DA:208,2
DA:213,2
DA:214,2
DA:215,4
DA:216,4
DA:217,1
DA:233,5
DA:234,5
DA:236,5
DA:237,5
DA:238,5
DA:240,5
DA:243,5
DA:244,5
DA:245,5
DA:246,10
DA:247,0
DA:248,0
DA:249,0
DA:250,0
DA:251,0
DA:252,0
DA:257,5
DA:259,5
DA:260,5
DA:261,5
DA:262,5
DA:264,5
DA:266,5
DA:268,20
DA:272,5
DA:274,5
DA:275,5
DA:277,5
DA:279,15
DA:285,20
DA:286,5
DA:288,2
DA:289,2
DA:290,4
DA:291,4
DA:292,4
DA:295,4
DA:300,2
DA:305,2
DA:306,2
DA:307,4
DA:308,4
DA:309,1
DA:325,5
DA:327,5
DA:328,5
DA:329,5
DA:330,5
DA:331,5
DA:332,5
DA:334,5
LF:142
LH:116
end_of_record
SF:lib/pages/widgets/loan_page_response_builder.dart
DA:15,10
DA:18,0
DA:19,0
DA:20,0
DA:21,0
DA:22,0
DA:23,0
DA:25,0
DA:26,0
DA:27,0
DA:29,0
DA:30,0
DA:31,0
DA:32,0
DA:36,0
DA:38,0
DA:39,0
DA:41,0
DA:42,0
DA:44,0
DA:45,0
DA:46,0
DA:47,0
DA:48,0
DA:53,0
DA:54,0
DA:56,0
DA:66,0
DA:68,0
DA:69,0
DA:71,0
DA:72,0
DA:73,0
DA:74,0
DA:75,0
DA:80,0
DA:81,0
DA:83,0
DA:100,0
DA:101,0
DA:102,0
DA:116,5
DA:118,5
LF:43
LH:3
end_of_record
